# JRE version: Java(TM) SE Runtime Environment (17.0.12+8) (build 17.0.12+8-LTS-286)
# Java VM: Java HotSpot(TM) 64-Bit Server VM (17.0.12+8-LTS-286, mixed mode, sharing, tiered, compressed oops, compressed class ptrs, g1 gc, windows-amd64)
GC Precious Log:
 CPUs: 8 total, 8 available
 Memory: 12235M
 Large Page Support: Disabled
 NUMA Support: Disabled
 Compressed Oops: Enabled (32-bit)
 Heap Region Size: 1M
 Heap Min Capacity: 8M
 Heap Initial Capacity: 192M
 Heap Max Capacity: 2G
 Pre-touch: Disabled
 Parallel Workers: 8
 Concurrent Workers: 2
 Concurrent Refinement Workers: 8
 Periodic GC: Disabled
Heap:
 garbage-first heap   total 321536K, used 176891K [0x0000000080000000, 0x0000000100000000)
  region size 1024K, 12 young (12288K), 12 survivors (12288K)
 Metaspace       used 116626K, committed 118144K, reserved 557056K
  class space    used 16299K, committed 17024K, reserved 425984K
GC Heap History (20 events):
Event: 20.890 GC heap after
{Heap after GC invocations=45 (full 0):
 garbage-first heap   total 321536K, used 95820K [0x0000000080000000, 0x0000000100000000)
  region size 1024K, 3 young (3072K), 3 survivors (3072K)
 Metaspace       used 82520K, committed 83584K, reserved 557056K
  class space    used 11595K, committed 12096K, reserved 425984K
}
Event: 23.927 GC heap before
{Heap before GC invocations=45 (full 0):
 garbage-first heap   total 321536K, used 265804K [0x0000000080000000, 0x0000000100000000)
  region size 1024K, 157 young (160768K), 3 survivors (3072K)
 Metaspace       used 91626K, committed 92736K, reserved 557056K
  class space    used 12596K, committed 13120K, reserved 425984K
}
Event: 23.935 GC heap after
{Heap after GC invocations=46 (full 0):
 garbage-first heap   total 321536K, used 116399K [0x0000000080000000, 0x0000000100000000)
  region size 1024K, 16 young (16384K), 16 survivors (16384K)
 Metaspace       used 91626K, committed 92736K, reserved 557056K
  class space    used 12596K, committed 13120K, reserved 425984K
}
Event: 25.656 GC heap before
{Heap before GC invocations=46 (full 0):
 garbage-first heap   total 321536K, used 247471K [0x0000000080000000, 0x0000000100000000)
  region size 1024K, 141 young (144384K), 16 survivors (16384K)
 Metaspace       used 99234K, committed 100352K, reserved 557056K
  class space    used 13620K, committed 14144K, reserved 425984K
}
Event: 25.665 GC heap after
{Heap after GC invocations=47 (full 0):
 garbage-first heap   total 321536K, used 124881K [0x0000000080000000, 0x0000000100000000)
  region size 1024K, 6 young (6144K), 6 survivors (6144K)
 Metaspace       used 99234K, committed 100352K, reserved 557056K
  class space    used 13620K, committed 14144K, reserved 425984K
}
Event: 28.233 GC heap before
{Heap before GC invocations=47 (full 0):
 garbage-first heap   total 321536K, used 252881K [0x0000000080000000, 0x0000000100000000)
  region size 1024K, 131 young (134144K), 6 survivors (6144K)
 Metaspace       used 103552K, committed 104704K, reserved 557056K
  class space    used 14251K, committed 14784K, reserved 425984K
}
Event: 28.242 GC heap after
{Heap after GC invocations=48 (full 0):
 garbage-first heap   total 321536K, used 130667K [0x0000000080000000, 0x0000000100000000)
  region size 1024K, 12 young (12288K), 12 survivors (12288K)
 Metaspace       used 103552K, committed 104704K, reserved 557056K
  class space    used 14251K, committed 14784K, reserved 425984K
}
Event: 29.728 GC heap before
{Heap before GC invocations=48 (full 0):
 garbage-first heap   total 321536K, used 217707K [0x0000000080000000, 0x0000000100000000)
  region size 1024K, 98 young (100352K), 12 survivors (12288K)
 Metaspace       used 108663K, committed 109760K, reserved 557056K
  class space    used 15091K, committed 15616K, reserved 425984K
}
Event: 29.736 GC heap after
{Heap after GC invocations=49 (full 0):
 garbage-first heap   total 321536K, used 133977K [0x0000000080000000, 0x0000000100000000)
  region size 1024K, 10 young (10240K), 10 survivors (10240K)
 Metaspace       used 108663K, committed 109760K, reserved 557056K
  class space    used 15091K, committed 15616K, reserved 425984K
}
Event: 32.020 GC heap before
{Heap before GC invocations=50 (full 0):
 garbage-first heap   total 321536K, used 263001K [0x0000000080000000, 0x0000000100000000)
  region size 1024K, 136 young (139264K), 10 survivors (10240K)
 Metaspace       used 113675K, committed 114944K, reserved 557056K
  class space    used 15852K, committed 16448K, reserved 425984K
}
Event: 32.033 GC heap after
{Heap after GC invocations=51 (full 0):
 garbage-first heap   total 321536K, used 144456K [0x0000000080000000, 0x0000000100000000)
  region size 1024K, 14 young (14336K), 14 survivors (14336K)
 Metaspace       used 113675K, committed 114944K, reserved 557056K
  class space    used 15852K, committed 16448K, reserved 425984K
}
Event: 32.052 GC heap before
{Heap before GC invocations=51 (full 0):
 garbage-first heap   total 321536K, used 145480K [0x0000000080000000, 0x0000000100000000)
  region size 1024K, 15 young (15360K), 14 survivors (14336K)
 Metaspace       used 113701K, committed 114944K, reserved 557056K
  class space    used 15856K, committed 16448K, reserved 425984K
}
Event: 32.062 GC heap after
{Heap after GC invocations=52 (full 0):
 garbage-first heap   total 321536K, used 143358K [0x0000000080000000, 0x0000000100000000)
  region size 1024K, 2 young (2048K), 2 survivors (2048K)
 Metaspace       used 113701K, committed 114944K, reserved 557056K
  class space    used 15856K, committed 16448K, reserved 425984K
}
Event: 34.204 GC heap before
{Heap before GC invocations=52 (full 0):
 garbage-first heap   total 321536K, used 263166K [0x0000000080000000, 0x0000000100000000)
  region size 1024K, 119 young (121856K), 2 survivors (2048K)
 Metaspace       used 115463K, committed 116928K, reserved 557056K
  class space    used 16130K, committed 16832K, reserved 425984K
}
Event: 34.218 GC heap after
{Heap after GC invocations=53 (full 0):
 garbage-first heap   total 321536K, used 158890K [0x0000000080000000, 0x0000000100000000)
  region size 1024K, 15 young (15360K), 15 survivors (15360K)
 Metaspace       used 115463K, committed 116928K, reserved 557056K
  class space    used 16130K, committed 16832K, reserved 425984K
}
Event: 35.046 GC heap before
{Heap before GC invocations=54 (full 0):
 garbage-first heap   total 321536K, used 259242K [0x0000000080000000, 0x0000000100000000)
  region size 1024K, 114 young (116736K), 15 survivors (15360K)
 Metaspace       used 115760K, committed 117248K, reserved 557056K
  class space    used 16174K, committed 16896K, reserved 425984K
}
Event: 35.061 GC heap after
{Heap after GC invocations=55 (full 0):
 garbage-first heap   total 321536K, used 166025K [0x0000000080000000, 0x0000000100000000)
  region size 1024K, 9 young (9216K), 9 survivors (9216K)
 Metaspace       used 115760K, committed 117248K, reserved 557056K
  class space    used 16174K, committed 16896K, reserved 425984K
}
Event: 35.095 GC heap before
{Heap before GC invocations=55 (full 0):
 garbage-first heap   total 321536K, used 171145K [0x0000000080000000, 0x0000000100000000)
  region size 1024K, 15 young (15360K), 9 survivors (9216K)
 Metaspace       used 115760K, committed 117248K, reserved 557056K
  class space    used 16174K, committed 16896K, reserved 425984K
}
Event: 35.104 GC heap after
{Heap after GC invocations=56 (full 0):
 garbage-first heap   total 321536K, used 164240K [0x0000000080000000, 0x0000000100000000)
  region size 1024K, 2 young (2048K), 2 survivors (2048K)
 Metaspace       used 115760K, committed 117248K, reserved 557056K
  class space    used 16174K, committed 16896K, reserved 425984K
}
Event: 36.354 GC heap before
{Heap before GC invocations=56 (full 0):
 garbage-first heap   total 321536K, used 265616K [0x0000000080000000, 0x0000000100000000)
  region size 1024K, 97 young (99328K), 2 survivors (2048K)
 Metaspace       used 116626K, committed 118144K, reserved 557056K
  class space    used 16299K, committed 17024K, reserved 425984K
}

