# JRE version: OpenJDK Runtime Environment (21.0.8) (build 21.0.8+-14018985-b1038.68)
# Java VM: OpenJDK 64-Bit Server VM (21.0.8+-14018985-b1038.68, mixed mode, tiered, compressed oops, compressed class ptrs, g1 gc, windows-amd64)
GC Precious Log:
 CardTable entry size: 512
 Card Set container configuration: InlinePtr #cards 4 size 8 Array Of Cards #cards 16 size 48 Howl #buckets 8 coarsen threshold 3686 Howl Bitmap #cards 512 size 80 coarsen threshold 460 Card regions per heap region 1 cards per card region 4096
 CPUs: 8 total, 8 available
 Memory: 12235M
 Large Page Support: Disabled
 NUMA Support: Disabled
 Compressed Oops: Enabled (Zero based)
 Heap Region Size: 2M
 Heap Min Capacity: 8M
 Heap Initial Capacity: 192M
 Heap Max Capacity: 3060M
 Pre-touch: Disabled
 Parallel Workers: 8
 Concurrent Workers: 2
 Concurrent Refinement Workers: 8
 Periodic GC: Disabled
Heap:
 garbage-first heap   total 276480K, used 187273K [0x0000000740c00000, 0x0000000800000000)
  region size 2048K, 13 young (26624K), 3 survivors (6144K)
 Metaspace       used 95612K, committed 95936K, reserved 1179648K
  class space    used 10102K, committed 10240K, reserved 1048576K
GC Heap History (20 events):
Event: 108.582 GC heap before
{Heap before GC invocations=60 (full 0):
 garbage-first heap   total 194560K, used 173039K [0x0000000740c00000, 0x0000000800000000)
  region size 2048K, 30 young (61440K), 2 survivors (4096K)
 Metaspace       used 70012K, committed 70272K, reserved 1114112K
  class space    used 7795K, committed 7936K, reserved 1048576K
}
Event: 108.594 GC heap after
{Heap after GC invocations=61 (full 0):
 garbage-first heap   total 194560K, used 120180K [0x0000000740c00000, 0x0000000800000000)
  region size 2048K, 4 young (8192K), 4 survivors (8192K)
 Metaspace       used 70012K, committed 70272K, reserved 1114112K
  class space    used 7795K, committed 7936K, reserved 1048576K
}
Event: 110.879 GC heap before
{Heap before GC invocations=61 (full 0):
 garbage-first heap   total 194560K, used 173428K [0x0000000740c00000, 0x0000000800000000)
  region size 2048K, 30 young (61440K), 4 survivors (8192K)
 Metaspace       used 70411K, committed 70656K, reserved 1114112K
  class space    used 7809K, committed 7936K, reserved 1048576K
}
Event: 110.893 GC heap after
{Heap after GC invocations=62 (full 0):
 garbage-first heap   total 194560K, used 122136K [0x0000000740c00000, 0x0000000800000000)
  region size 2048K, 2 young (4096K), 2 survivors (4096K)
 Metaspace       used 70411K, committed 70656K, reserved 1114112K
  class space    used 7809K, committed 7936K, reserved 1048576K
}
Event: 117.696 GC heap before
{Heap before GC invocations=62 (full 0):
 garbage-first heap   total 194560K, used 177432K [0x0000000740c00000, 0x0000000800000000)
  region size 2048K, 29 young (59392K), 2 survivors (4096K)
 Metaspace       used 71170K, committed 71424K, reserved 1114112K
  class space    used 7879K, committed 8000K, reserved 1048576K
}
Event: 117.715 GC heap after
{Heap after GC invocations=63 (full 0):
 garbage-first heap   total 194560K, used 125284K [0x0000000740c00000, 0x0000000800000000)
  region size 2048K, 4 young (8192K), 4 survivors (8192K)
 Metaspace       used 71170K, committed 71424K, reserved 1114112K
  class space    used 7879K, committed 8000K, reserved 1048576K
}
Event: 122.321 GC heap before
{Heap before GC invocations=64 (full 0):
 garbage-first heap   total 212992K, used 170340K [0x0000000740c00000, 0x0000000800000000)
  region size 2048K, 27 young (55296K), 4 survivors (8192K)
 Metaspace       used 74895K, committed 75200K, reserved 1179648K
  class space    used 8168K, committed 8320K, reserved 1048576K
}
Event: 122.331 GC heap after
{Heap after GC invocations=65 (full 0):
 garbage-first heap   total 212992K, used 127241K [0x0000000740c00000, 0x0000000800000000)
  region size 2048K, 3 young (6144K), 3 survivors (6144K)
 Metaspace       used 74895K, committed 75200K, reserved 1179648K
  class space    used 8168K, committed 8320K, reserved 1048576K
}
Event: 124.725 GC heap before
{Heap before GC invocations=65 (full 0):
 garbage-first heap   total 212992K, used 192777K [0x0000000740c00000, 0x0000000800000000)
  region size 2048K, 35 young (71680K), 3 survivors (6144K)
 Metaspace       used 75409K, committed 75712K, reserved 1179648K
  class space    used 8182K, committed 8320K, reserved 1048576K
}
Event: 124.735 GC heap after
{Heap after GC invocations=66 (full 0):
 garbage-first heap   total 212992K, used 125993K [0x0000000740c00000, 0x0000000800000000)
  region size 2048K, 3 young (6144K), 3 survivors (6144K)
 Metaspace       used 75409K, committed 75712K, reserved 1179648K
  class space    used 8182K, committed 8320K, reserved 1048576K
}
Event: 131.993 GC heap before
{Heap before GC invocations=66 (full 0):
 garbage-first heap   total 212992K, used 193577K [0x0000000740c00000, 0x0000000800000000)
  region size 2048K, 36 young (73728K), 3 survivors (6144K)
 Metaspace       used 76229K, committed 76544K, reserved 1179648K
  class space    used 8230K, committed 8384K, reserved 1048576K
}
Event: 132.012 GC heap after
{Heap after GC invocations=67 (full 0):
 garbage-first heap   total 212992K, used 134723K [0x0000000740c00000, 0x0000000800000000)
  region size 2048K, 5 young (10240K), 5 survivors (10240K)
 Metaspace       used 76229K, committed 76544K, reserved 1179648K
  class space    used 8230K, committed 8384K, reserved 1048576K
}
Event: 134.606 GC heap before
{Heap before GC invocations=68 (full 0):
 garbage-first heap   total 225280K, used 190019K [0x0000000740c00000, 0x0000000800000000)
  region size 2048K, 32 young (65536K), 5 survivors (10240K)
 Metaspace       used 82776K, committed 83072K, reserved 1179648K
  class space    used 8829K, committed 8960K, reserved 1048576K
}
Event: 134.628 GC heap after
{Heap after GC invocations=69 (full 0):
 garbage-first heap   total 225280K, used 143311K [0x0000000740c00000, 0x0000000800000000)
  region size 2048K, 4 young (8192K), 4 survivors (8192K)
 Metaspace       used 82776K, committed 83072K, reserved 1179648K
  class space    used 8829K, committed 8960K, reserved 1048576K
}
Event: 137.287 GC heap before
{Heap before GC invocations=69 (full 0):
 garbage-first heap   total 225280K, used 204751K [0x0000000740c00000, 0x0000000800000000)
  region size 2048K, 34 young (69632K), 4 survivors (8192K)
 Metaspace       used 85236K, committed 85504K, reserved 1179648K
  class space    used 8983K, committed 9088K, reserved 1048576K
}
Event: 137.312 GC heap after
{Heap after GC invocations=70 (full 0):
 garbage-first heap   total 227328K, used 153600K [0x0000000740c00000, 0x0000000800000000)
  region size 2048K, 5 young (10240K), 5 survivors (10240K)
 Metaspace       used 85236K, committed 85504K, reserved 1179648K
  class space    used 8983K, committed 9088K, reserved 1048576K
}
Event: 138.435 GC heap before
{Heap before GC invocations=70 (full 0):
 garbage-first heap   total 227328K, used 202752K [0x0000000740c00000, 0x0000000800000000)
  region size 2048K, 29 young (59392K), 5 survivors (10240K)
 Metaspace       used 87307K, committed 87680K, reserved 1179648K
  class space    used 9122K, committed 9280K, reserved 1048576K
}
Event: 138.454 GC heap after
{Heap after GC invocations=71 (full 0):
 garbage-first heap   total 227328K, used 164268K [0x0000000740c00000, 0x0000000800000000)
  region size 2048K, 4 young (8192K), 4 survivors (8192K)
 Metaspace       used 87307K, committed 87680K, reserved 1179648K
  class space    used 9122K, committed 9280K, reserved 1048576K
}
Event: 139.349 GC heap before
{Heap before GC invocations=72 (full 0):
 garbage-first heap   total 276480K, used 199084K [0x0000000740c00000, 0x0000000800000000)
  region size 2048K, 22 young (45056K), 4 survivors (8192K)
 Metaspace       used 91890K, committed 92224K, reserved 1179648K
  class space    used 9748K, committed 9856K, reserved 1048576K
}
Event: 139.361 GC heap after
{Heap after GC invocations=73 (full 0):
 garbage-first heap   total 276480K, used 168841K [0x0000000740c00000, 0x0000000800000000)
  region size 2048K, 3 young (6144K), 3 survivors (6144K)
 Metaspace       used 91890K, committed 92224K, reserved 1179648K
  class space    used 9748K, committed 9856K, reserved 1048576K
}

